This file contains any messages produced by compilers while
running configure, to aid debugging if configure makes a mistake.

It was created by nflood configure 0.1, which was
generated by GNU Autoconf 2.68.  Invocation command line was

  $ ./configure 

## --------- ##
## Platform. ##
## --------- ##

hostname = LUIGI
uname -m = i686
uname -r = 3.2.0-33-generic
uname -s = Linux
uname -v = #52-Ubuntu SMP Thu Oct 18 16:19:45 UTC 2012

/usr/bin/uname -p = unknown
/bin/uname -X     = unknown

/bin/arch              = unknown
/usr/bin/arch -k       = unknown
/usr/convex/getsysinfo = unknown
/usr/bin/hostinfo      = unknown
/bin/machine           = unknown
/usr/bin/oslevel       = unknown
/bin/universe          = unknown

PATH: /bin
PATH: /sbin
PATH: /usr/bin
PATH: /usr/sbin
PATH: /usr/local/bin
PATH: /usr/games
PATH: /var/lib/gems/1.8/bin
PATH: /mnt/kure/bin
PATH: /mnt/kure/sbt/bin


## ----------- ##
## Core tests. ##
## ----------- ##

configure:2098: checking for a BSD-compatible install
configure:2166: result: /usr/bin/install -c
configure:2177: checking whether build environment is sane
configure:2227: result: yes
configure:2368: checking for a thread-safe mkdir -p
configure:2407: result: /bin/mkdir -p
configure:2420: checking for gawk
configure:2436: found /usr/bin/gawk
configure:2447: result: gawk
configure:2458: checking whether make sets $(MAKE)
configure:2480: result: yes
configure:2609: checking for gcc
configure:2625: found /usr/bin/gcc
configure:2636: result: gcc
configure:2865: checking for C compiler version
configure:2874: gcc --version >&5
gcc (Ubuntu/Linaro 4.6.3-1ubuntu5) 4.6.3
Copyright (C) 2011 Free Software Foundation, Inc.
This is free software; see the source for copying conditions.  There is NO
warranty; not even for MERCHANTABILITY or FITNESS FOR A PARTICULAR PURPOSE.

configure:2885: $? = 0
configure:2874: gcc -v >&5
Using built-in specs.
COLLECT_GCC=gcc
COLLECT_LTO_WRAPPER=/usr/lib/gcc/i686-linux-gnu/4.6/lto-wrapper
Target: i686-linux-gnu
Configured with: ../src/configure -v --with-pkgversion='Ubuntu/Linaro 4.6.3-1ubuntu5' --with-bugurl=file:///usr/share/doc/gcc-4.6/README.Bugs --enable-languages=c,c++,fortran,objc,obj-c++ --prefix=/usr --program-suffix=-4.6 --enable-shared --enable-linker-build-id --with-system-zlib --libexecdir=/usr/lib --without-included-gettext --enable-threads=posix --with-gxx-include-dir=/usr/include/c++/4.6 --libdir=/usr/lib --enable-nls --with-sysroot=/ --enable-clocale=gnu --enable-libstdcxx-debug --enable-libstdcxx-time=yes --enable-gnu-unique-object --enable-plugin --enable-objc-gc --enable-targets=all --disable-werror --with-arch-32=i686 --with-tune=generic --enable-checking=release --build=i686-linux-gnu --host=i686-linux-gnu --target=i686-linux-gnu
Thread model: posix
gcc version 4.6.3 (Ubuntu/Linaro 4.6.3-1ubuntu5) 
configure:2885: $? = 0
configure:2874: gcc -V >&5
gcc: error: unrecognized option '-V'
gcc: fatal error: no input files
compilation terminated.
configure:2885: $? = 4
configure:2874: gcc -qversion >&5
gcc: error: unrecognized option '-qversion'
gcc: fatal error: no input files
compilation terminated.
configure:2885: $? = 4
configure:2905: checking whether the C compiler works
configure:2927: gcc    conftest.c  >&5
configure:2931: $? = 0
configure:2979: result: yes
configure:2982: checking for C compiler default output file name
configure:2984: result: a.out
configure:2990: checking for suffix of executables
configure:2997: gcc -o conftest    conftest.c  >&5
configure:3001: $? = 0
configure:3023: result: 
configure:3045: checking whether we are cross compiling
configure:3053: gcc -o conftest    conftest.c  >&5
configure:3057: $? = 0
configure:3064: ./conftest
configure:3068: $? = 0
configure:3083: result: no
configure:3088: checking for suffix of object files
configure:3110: gcc -c   conftest.c >&5
configure:3114: $? = 0
configure:3135: result: o
configure:3139: checking whether we are using the GNU C compiler
configure:3158: gcc -c   conftest.c >&5
configure:3158: $? = 0
configure:3167: result: yes
configure:3176: checking whether gcc accepts -g
configure:3196: gcc -c -g  conftest.c >&5
configure:3196: $? = 0
configure:3237: result: yes
configure:3254: checking for gcc option to accept ISO C89
configure:3318: gcc  -c -g -O2  conftest.c >&5
configure:3318: $? = 0
configure:3331: result: none needed
configure:3362: checking for style of include used by make
configure:3390: result: GNU
configure:3416: checking dependency style of gcc
configure:3527: result: gcc3
configure:3543: checking whether make sets $(MAKE)
configure:3565: result: yes
configure:3577: checking for initscr in -lncurses
configure:3602: gcc -o conftest -g -O2   conftest.c -lncurses   >&5
configure:3602: $? = 0
configure:3611: result: yes
configure:3629: checking how to run the C preprocessor
configure:3660: gcc -E  conftest.c
configure:3660: $? = 0
configure:3674: gcc -E  conftest.c
conftest.c:12:28: fatal error: ac_nonexistent.h: No such file or directory
compilation terminated.
configure:3674: $? = 1
configure: failed program was:
| /* confdefs.h */
| #define PACKAGE_NAME "nflood"
| #define PACKAGE_TARNAME "nflood"
| #define PACKAGE_VERSION "0.1"
| #define PACKAGE_STRING "nflood 0.1"
| #define PACKAGE_BUGREPORT "alex.dantas92@gmail.com"
| #define PACKAGE_URL ""
| #define PACKAGE "nflood"
| #define VERSION "0.1"
| #define HAVE_LIBNCURSES 1
| /* end confdefs.h.  */
| #include <ac_nonexistent.h>
configure:3699: result: gcc -E
configure:3719: gcc -E  conftest.c
configure:3719: $? = 0
configure:3733: gcc -E  conftest.c
conftest.c:12:28: fatal error: ac_nonexistent.h: No such file or directory
compilation terminated.
configure:3733: $? = 1
configure: failed program was:
| /* confdefs.h */
| #define PACKAGE_NAME "nflood"
| #define PACKAGE_TARNAME "nflood"
| #define PACKAGE_VERSION "0.1"
| #define PACKAGE_STRING "nflood 0.1"
| #define PACKAGE_BUGREPORT "alex.dantas92@gmail.com"
| #define PACKAGE_URL ""
| #define PACKAGE "nflood"
| #define VERSION "0.1"
| #define HAVE_LIBNCURSES 1
| /* end confdefs.h.  */
| #include <ac_nonexistent.h>
configure:3762: checking for grep that handles long lines and -e
configure:3820: result: /bin/grep
configure:3825: checking for egrep
configure:3887: result: /bin/grep -E
configure:3892: checking for ANSI C header files
configure:3912: gcc -c -g -O2  conftest.c >&5
configure:3912: $? = 0
configure:3985: gcc -o conftest -g -O2   conftest.c -lncurses  >&5
configure:3985: $? = 0
configure:3985: ./conftest
configure:3985: $? = 0
configure:3996: result: yes
configure:4009: checking for sys/types.h
configure:4009: gcc -c -g -O2  conftest.c >&5
configure:4009: $? = 0
configure:4009: result: yes
configure:4009: checking for sys/stat.h
configure:4009: gcc -c -g -O2  conftest.c >&5
configure:4009: $? = 0
configure:4009: result: yes
configure:4009: checking for stdlib.h
configure:4009: gcc -c -g -O2  conftest.c >&5
configure:4009: $? = 0
configure:4009: result: yes
configure:4009: checking for string.h
configure:4009: gcc -c -g -O2  conftest.c >&5
configure:4009: $? = 0
configure:4009: result: yes
configure:4009: checking for memory.h
configure:4009: gcc -c -g -O2  conftest.c >&5
configure:4009: $? = 0
configure:4009: result: yes
configure:4009: checking for strings.h
configure:4009: gcc -c -g -O2  conftest.c >&5
configure:4009: $? = 0
configure:4009: result: yes
configure:4009: checking for inttypes.h
configure:4009: gcc -c -g -O2  conftest.c >&5
configure:4009: $? = 0
configure:4009: result: yes
configure:4009: checking for stdint.h
configure:4009: gcc -c -g -O2  conftest.c >&5
configure:4009: $? = 0
configure:4009: result: yes
configure:4009: checking for unistd.h
configure:4009: gcc -c -g -O2  conftest.c >&5
configure:4009: $? = 0
configure:4009: result: yes
configure:4024: checking for stdlib.h
configure:4024: result: yes
configure:4024: checking for string.h
configure:4024: result: yes
configure:4171: creating ./config.status

## ---------------------- ##
## Running config.status. ##
## ---------------------- ##

This file was extended by nflood config.status 0.1, which was
generated by GNU Autoconf 2.68.  Invocation command line was

  CONFIG_FILES    = 
  CONFIG_HEADERS  = 
  CONFIG_LINKS    = 
  CONFIG_COMMANDS = 
  $ ./config.status 

on LUIGI

config.status:863: creating Makefile
config.status:863: creating config.h
config.status:1092: executing depfiles commands

## ---------------- ##
## Cache variables. ##
## ---------------- ##

ac_cv_c_compiler_gnu=yes
ac_cv_env_CC_set=
ac_cv_env_CC_value=
ac_cv_env_CFLAGS_set=
ac_cv_env_CFLAGS_value=
ac_cv_env_CPPFLAGS_set=
ac_cv_env_CPPFLAGS_value=
ac_cv_env_CPP_set=
ac_cv_env_CPP_value=
ac_cv_env_LDFLAGS_set=
ac_cv_env_LDFLAGS_value=
ac_cv_env_LIBS_set=
ac_cv_env_LIBS_value=
ac_cv_env_build_alias_set=
ac_cv_env_build_alias_value=
ac_cv_env_host_alias_set=
ac_cv_env_host_alias_value=
ac_cv_env_target_alias_set=
ac_cv_env_target_alias_value=
ac_cv_header_inttypes_h=yes
ac_cv_header_memory_h=yes
ac_cv_header_stdc=yes
ac_cv_header_stdint_h=yes
ac_cv_header_stdlib_h=yes
ac_cv_header_string_h=yes
ac_cv_header_strings_h=yes
ac_cv_header_sys_stat_h=yes
ac_cv_header_sys_types_h=yes
ac_cv_header_unistd_h=yes
ac_cv_lib_ncurses_initscr=yes
ac_cv_objext=o
ac_cv_path_EGREP='/bin/grep -E'
ac_cv_path_GREP=/bin/grep
ac_cv_path_install='/usr/bin/install -c'
ac_cv_path_mkdir=/bin/mkdir
ac_cv_prog_AWK=gawk
ac_cv_prog_CPP='gcc -E'
ac_cv_prog_ac_ct_CC=gcc
ac_cv_prog_cc_c89=
ac_cv_prog_cc_g=yes
ac_cv_prog_make_make_set=yes
am_cv_CC_dependencies_compiler_type=gcc3

## ----------------- ##
## Output variables. ##
## ----------------- ##

ACLOCAL='${SHELL} /tmp/nFlood/nFlood/missing --run aclocal-1.11'
AMDEPBACKSLASH='\'
AMDEP_FALSE='#'
AMDEP_TRUE=''
AMTAR='$${TAR-tar}'
AUTOCONF='${SHELL} /tmp/nFlood/nFlood/missing --run autoconf'
AUTOHEADER='${SHELL} /tmp/nFlood/nFlood/missing --run autoheader'
AUTOMAKE='${SHELL} /tmp/nFlood/nFlood/missing --run automake-1.11'
AWK='gawk'
CC='gcc'
CCDEPMODE='depmode=gcc3'
CFLAGS='-g -O2'
CPP='gcc -E'
CPPFLAGS=''
CYGPATH_W='echo'
DEFS='-DHAVE_CONFIG_H'
DEPDIR='.deps'
ECHO_C=''
ECHO_N='-n'
ECHO_T=''
EGREP='/bin/grep -E'
EXEEXT=''
GREP='/bin/grep'
INSTALL_DATA='${INSTALL} -m 644'
INSTALL_PROGRAM='${INSTALL}'
INSTALL_SCRIPT='${INSTALL}'
INSTALL_STRIP_PROGRAM='$(install_sh) -c -s'
LDFLAGS=''
LIBOBJS=''
LIBS='-lncurses '
LTLIBOBJS=''
MAKEINFO='${SHELL} /tmp/nFlood/nFlood/missing --run makeinfo'
MKDIR_P='/bin/mkdir -p'
OBJEXT='o'
PACKAGE='nflood'
PACKAGE_BUGREPORT='alex.dantas92@gmail.com'
PACKAGE_NAME='nflood'
PACKAGE_STRING='nflood 0.1'
PACKAGE_TARNAME='nflood'
PACKAGE_URL=''
PACKAGE_VERSION='0.1'
PATH_SEPARATOR=':'
SET_MAKE=''
SHELL='/bin/bash'
STRIP=''
VERSION='0.1'
ac_ct_CC='gcc'
am__EXEEXT_FALSE=''
am__EXEEXT_TRUE='#'
am__fastdepCC_FALSE='#'
am__fastdepCC_TRUE=''
am__include='include'
am__isrc=''
am__leading_dot='.'
am__nodep='_no'
am__quote=''
am__tar='$${TAR-tar} chof - "$$tardir"'
am__untar='$${TAR-tar} xf -'
bindir='${exec_prefix}/bin'
build_alias=''
datadir='${datarootdir}'
datarootdir='${prefix}/share'
docdir='${datarootdir}/doc/${PACKAGE_TARNAME}'
dvidir='${docdir}'
exec_prefix='${prefix}'
host_alias=''
htmldir='${docdir}'
includedir='${prefix}/include'
infodir='${datarootdir}/info'
install_sh='${SHELL} /tmp/nFlood/nFlood/install-sh'
libdir='${exec_prefix}/lib'
libexecdir='${exec_prefix}/libexec'
localedir='${datarootdir}/locale'
localstatedir='${prefix}/var'
mandir='${datarootdir}/man'
mkdir_p='/bin/mkdir -p'
oldincludedir='/usr/include'
pdfdir='${docdir}'
prefix='/usr/local'
program_transform_name='s,x,x,'
psdir='${docdir}'
sbindir='${exec_prefix}/sbin'
sharedstatedir='${prefix}/com'
sysconfdir='${prefix}/etc'
target_alias=''

## ----------- ##
## confdefs.h. ##
## ----------- ##

/* confdefs.h */
#define PACKAGE_NAME "nflood"
#define PACKAGE_TARNAME "nflood"
#define PACKAGE_VERSION "0.1"
#define PACKAGE_STRING "nflood 0.1"
#define PACKAGE_BUGREPORT "alex.dantas92@gmail.com"
#define PACKAGE_URL ""
#define PACKAGE "nflood"
#define VERSION "0.1"
#define HAVE_LIBNCURSES 1
#define STDC_HEADERS 1
#define HAVE_SYS_TYPES_H 1
#define HAVE_SYS_STAT_H 1
#define HAVE_STDLIB_H 1
#define HAVE_STRING_H 1
#define HAVE_MEMORY_H 1
#define HAVE_STRINGS_H 1
#define HAVE_INTTYPES_H 1
#define HAVE_STDINT_H 1
#define HAVE_UNISTD_H 1
#define HAVE_STDLIB_H 1
#define HAVE_STRING_H 1

configure: exit 0
